#Software: Microsoft Internet Information Services 10.0
#Version: 1.0
#Date: 2018-12-11 08:25:20
#Fields: date time s-ip cs-method cs-uri-stem cs-uri-query s-port cs-username c-ip cs(User-Agent) cs(Referer) sc-status sc-substatus sc-win32-status time-taken
2018-12-11 08:25:20 ::1 GET / - 64693 - ::1 Mozilla/5.0+(Windows+NT+10.0;+Win64;+x64)+AppleWebKit/537.36+(KHTML,+like+Gecko)+Chrome/70.0.3538.110+Safari/537.36 - 200 0 0 14140
2018-12-11 08:25:20 ::1 GET /Content/css v=XrM_i-qL7ntkoyZchCNCLeeyZEN21k6m7X1mfUibzPs1 64693 - ::1 Mozilla/5.0+(Windows+NT+10.0;+Win64;+x64)+AppleWebKit/537.36+(KHTML,+like+Gecko)+Chrome/70.0.3538.110+Safari/537.36 http://localhost:64693/ 200 0 0 9
2018-12-11 08:25:20 ::1 GET /bundles/modernizr v=inCVuEFe6J4Q07A0AcRsbJic_UE5MwpRMNGcOtk94TE1 64693 - ::1 Mozilla/5.0+(Windows+NT+10.0;+Win64;+x64)+AppleWebKit/537.36+(KHTML,+like+Gecko)+Chrome/70.0.3538.110+Safari/537.36 http://localhost:64693/ 200 0 0 3
2018-12-11 08:25:20 ::1 GET /bundles/jquery v=2u0aRenDpYxArEyILB59ETSCA2cfQkSMlxb6jbMBqf81 64693 - ::1 Mozilla/5.0+(Windows+NT+10.0;+Win64;+x64)+AppleWebKit/537.36+(KHTML,+like+Gecko)+Chrome/70.0.3538.110+Safari/537.36 http://localhost:64693/ 200 0 0 2
2018-12-11 08:25:20 ::1 GET /bundles/bootstrap v=lescQEuG5u4jd-GcVDBcbpUOSyTDIg0Kk9zHDX55GCw1 64693 - ::1 Mozilla/5.0+(Windows+NT+10.0;+Win64;+x64)+AppleWebKit/537.36+(KHTML,+like+Gecko)+Chrome/70.0.3538.110+Safari/537.36 http://localhost:64693/ 200 0 0 3
2018-12-11 08:25:20 ::1 GET /favicon.ico - 64693 - ::1 Mozilla/5.0+(Windows+NT+10.0;+Win64;+x64)+AppleWebKit/537.36+(KHTML,+like+Gecko)+Chrome/70.0.3538.110+Safari/537.36 http://localhost:64693/ 200 0 0 45
2018-12-11 08:25:24 ::1 GET /Acc/Register - 64693 - ::1 Mozilla/5.0+(Windows+NT+10.0;+Win64;+x64)+AppleWebKit/537.36+(KHTML,+like+Gecko)+Chrome/70.0.3538.110+Safari/537.36 http://localhost:64693/ 200 0 0 1449
2018-12-11 08:25:24 ::1 GET /Scripts/jquery-3.3.1.min.js - 64693 - ::1 Mozilla/5.0+(Windows+NT+10.0;+Win64;+x64)+AppleWebKit/537.36+(KHTML,+like+Gecko)+Chrome/70.0.3538.110+Safari/537.36 http://localhost:64693/Acc/Register 200 0 0 11
2018-12-11 08:25:24 ::1 GET /Scripts/jquery.validate.min.js - 64693 - ::1 Mozilla/5.0+(Windows+NT+10.0;+Win64;+x64)+AppleWebKit/537.36+(KHTML,+like+Gecko)+Chrome/70.0.3538.110+Safari/537.36 http://localhost:64693/Acc/Register 200 0 0 25
2018-12-11 08:25:24 ::1 GET /Scripts/jquery.validate.unobtrusive.min.js - 64693 - ::1 Mozilla/5.0+(Windows+NT+10.0;+Win64;+x64)+AppleWebKit/537.36+(KHTML,+like+Gecko)+Chrome/70.0.3538.110+Safari/537.36 http://localhost:64693/Acc/Register 200 0 0 29
2018-12-11 08:25:28 ::1 GET /Acc/Login - 64693 - ::1 Mozilla/5.0+(Windows+NT+10.0;+Win64;+x64)+AppleWebKit/537.36+(KHTML,+like+Gecko)+Chrome/70.0.3538.110+Safari/537.36 http://localhost:64693/Acc/Register 200 0 0 848
2018-12-11 08:26:11 ::1 POST /Acc/IsRegister - 64693 - ::1 Mozilla/5.0+(Windows+NT+10.0;+Win64;+x64)+AppleWebKit/537.36+(KHTML,+like+Gecko)+Chrome/70.0.3538.110+Safari/537.36 http://localhost:64693/Acc/Login 302 0 0 34532
2018-12-11 08:26:11 ::1 GET / - 64693 - ::1 Mozilla/5.0+(Windows+NT+10.0;+Win64;+x64)+AppleWebKit/537.36+(KHTML,+like+Gecko)+Chrome/70.0.3538.110+Safari/537.36 http://localhost:64693/Acc/Login 200 0 0 5
#Software: Microsoft Internet Information Services 10.0
#Version: 1.0
#Date: 2018-12-11 08:30:30
#Fields: date time s-ip cs-method cs-uri-stem cs-uri-query s-port cs-username c-ip cs(User-Agent) cs(Referer) sc-status sc-substatus sc-win32-status time-taken
2018-12-11 08:30:30 ::1 GET / - 64693 - ::1 Mozilla/5.0+(Windows+NT+10.0;+Win64;+x64)+AppleWebKit/537.36+(KHTML,+like+Gecko)+Chrome/70.0.3538.110+Safari/537.36 - 200 0 0 7191
2018-12-11 08:30:35 ::1 GET / - 44326 - ::1 Mozilla/5.0+(Windows+NT+10.0;+Win64;+x64)+AppleWebKit/537.36+(KHTML,+like+Gecko)+Chrome/70.0.3538.110+Safari/537.36 - 200 0 0 6
2018-12-11 08:30:35 ::1 GET /Content/css v=XrM_i-qL7ntkoyZchCNCLeeyZEN21k6m7X1mfUibzPs1 44326 - ::1 Mozilla/5.0+(Windows+NT+10.0;+Win64;+x64)+AppleWebKit/537.36+(KHTML,+like+Gecko)+Chrome/70.0.3538.110+Safari/537.36 https://localhost:44326/ 200 0 0 7
2018-12-11 08:30:35 ::1 GET /bundles/modernizr v=inCVuEFe6J4Q07A0AcRsbJic_UE5MwpRMNGcOtk94TE1 44326 - ::1 Mozilla/5.0+(Windows+NT+10.0;+Win64;+x64)+AppleWebKit/537.36+(KHTML,+like+Gecko)+Chrome/70.0.3538.110+Safari/537.36 https://localhost:44326/ 200 0 0 3
2018-12-11 08:30:35 ::1 GET /bundles/jquery v=2u0aRenDpYxArEyILB59ETSCA2cfQkSMlxb6jbMBqf81 44326 - ::1 Mozilla/5.0+(Windows+NT+10.0;+Win64;+x64)+AppleWebKit/537.36+(KHTML,+like+Gecko)+Chrome/70.0.3538.110+Safari/537.36 https://localhost:44326/ 200 0 0 3
2018-12-11 08:30:35 ::1 GET /bundles/bootstrap v=lescQEuG5u4jd-GcVDBcbpUOSyTDIg0Kk9zHDX55GCw1 44326 - ::1 Mozilla/5.0+(Windows+NT+10.0;+Win64;+x64)+AppleWebKit/537.36+(KHTML,+like+Gecko)+Chrome/70.0.3538.110+Safari/537.36 https://localhost:44326/ 200 0 0 4
2018-12-11 08:30:35 ::1 GET /favicon.ico - 44326 - ::1 Mozilla/5.0+(Windows+NT+10.0;+Win64;+x64)+AppleWebKit/537.36+(KHTML,+like+Gecko)+Chrome/70.0.3538.110+Safari/537.36 https://localhost:44326/ 200 0 0 21
2018-12-11 08:30:48 ::1 GET /Acc/Login - 44326 - ::1 Mozilla/5.0+(Windows+NT+10.0;+Win64;+x64)+AppleWebKit/537.36+(KHTML,+like+Gecko)+Chrome/70.0.3538.110+Safari/537.36 https://localhost:44326/ 200 0 0 1018
2018-12-11 08:30:48 ::1 GET /Scripts/jquery-3.3.1.min.js - 44326 - ::1 Mozilla/5.0+(Windows+NT+10.0;+Win64;+x64)+AppleWebKit/537.36+(KHTML,+like+Gecko)+Chrome/70.0.3538.110+Safari/537.36 https://localhost:44326/Acc/Login 200 0 0 30
2018-12-11 08:30:48 ::1 GET /Scripts/jquery.validate.min.js - 44326 - ::1 Mozilla/5.0+(Windows+NT+10.0;+Win64;+x64)+AppleWebKit/537.36+(KHTML,+like+Gecko)+Chrome/70.0.3538.110+Safari/537.36 https://localhost:44326/Acc/Login 200 0 0 27
2018-12-11 08:30:48 ::1 GET /Scripts/jquery.validate.unobtrusive.min.js - 44326 - ::1 Mozilla/5.0+(Windows+NT+10.0;+Win64;+x64)+AppleWebKit/537.36+(KHTML,+like+Gecko)+Chrome/70.0.3538.110+Safari/537.36 https://localhost:44326/Acc/Login 200 0 0 22
2018-12-11 08:30:57 ::1 POST /Acc/IsRegister - 44326 - ::1 Mozilla/5.0+(Windows+NT+10.0;+Win64;+x64)+AppleWebKit/537.36+(KHTML,+like+Gecko)+Chrome/70.0.3538.110+Safari/537.36 https://localhost:44326/Acc/Login 302 0 0 373
2018-12-11 08:30:57 ::1 GET / - 44326 - ::1 Mozilla/5.0+(Windows+NT+10.0;+Win64;+x64)+AppleWebKit/537.36+(KHTML,+like+Gecko)+Chrome/70.0.3538.110+Safari/537.36 https://localhost:44326/Acc/Login 200 0 0 5
#Software: Microsoft Internet Information Services 10.0
#Version: 1.0
#Date: 2018-12-11 08:36:27
#Fields: date time s-ip cs-method cs-uri-stem cs-uri-query s-port cs-username c-ip cs(User-Agent) cs(Referer) sc-status sc-substatus sc-win32-status time-taken
2018-12-11 08:36:27 ::1 GET / - 64693 - ::1 Mozilla/5.0+(Windows+NT+10.0;+Win64;+x64)+AppleWebKit/537.36+(KHTML,+like+Gecko)+Chrome/70.0.3538.110+Safari/537.36 - 200 0 0 3956
2018-12-11 08:36:52 ::1 GET / - 44326 - ::1 Mozilla/5.0+(Windows+NT+10.0;+Win64;+x64)+AppleWebKit/537.36+(KHTML,+like+Gecko)+Chrome/70.0.3538.110+Safari/537.36 - 200 0 0 7
2018-12-11 08:36:56 ::1 GET /Acc/Login - 44326 - ::1 Mozilla/5.0+(Windows+NT+10.0;+Win64;+x64)+AppleWebKit/537.36+(KHTML,+like+Gecko)+Chrome/70.0.3538.110+Safari/537.36 https://localhost:44326/ 200 0 0 189
2018-12-11 08:40:19 ::1 POST /Acc/IsRegister - 44326 - ::1 Mozilla/5.0+(Windows+NT+10.0;+Win64;+x64)+AppleWebKit/537.36+(KHTML,+like+Gecko)+Chrome/70.0.3538.110+Safari/537.36 https://localhost:44326/Acc/Login 302 0 0 192123
2018-12-11 08:40:19 ::1 GET / - 44326 - ::1 Mozilla/5.0+(Windows+NT+10.0;+Win64;+x64)+AppleWebKit/537.36+(KHTML,+like+Gecko)+Chrome/70.0.3538.110+Safari/537.36 https://localhost:44326/Acc/Login 200 0 0 7
2018-12-11 08:40:25 ::1 GET /Acc/Login - 44326 - ::1 Mozilla/5.0+(Windows+NT+10.0;+Win64;+x64)+AppleWebKit/537.36+(KHTML,+like+Gecko)+Chrome/70.0.3538.110+Safari/537.36 https://localhost:44326/ 200 0 0 10
2018-12-11 08:41:12 ::1 POST /Acc/IsRegister - 44326 - ::1 Mozilla/5.0+(Windows+NT+10.0;+Win64;+x64)+AppleWebKit/537.36+(KHTML,+like+Gecko)+Chrome/70.0.3538.110+Safari/537.36 https://localhost:44326/Acc/Login 302 0 0 16748
2018-12-11 08:41:12 ::1 GET / - 44326 - ::1 Mozilla/5.0+(Windows+NT+10.0;+Win64;+x64)+AppleWebKit/537.36+(KHTML,+like+Gecko)+Chrome/70.0.3538.110+Safari/537.36 https://localhost:44326/Acc/Login 200 0 0 5
2018-12-11 08:41:16 ::1 GET /Acc/Login - 44326 - ::1 Mozilla/5.0+(Windows+NT+10.0;+Win64;+x64)+AppleWebKit/537.36+(KHTML,+like+Gecko)+Chrome/70.0.3538.110+Safari/537.36 https://localhost:44326/ 200 0 0 7
2018-12-11 08:47:09 ::1 POST /Acc/IsRegister - 44326 - ::1 Mozilla/5.0+(Windows+NT+10.0;+Win64;+x64)+AppleWebKit/537.36+(KHTML,+like+Gecko)+Chrome/70.0.3538.110+Safari/537.36 https://localhost:44326/Acc/Login 302 0 0 340358
2018-12-11 08:47:09 ::1 GET / - 44326 - ::1 Mozilla/5.0+(Windows+NT+10.0;+Win64;+x64)+AppleWebKit/537.36+(KHTML,+like+Gecko)+Chrome/70.0.3538.110+Safari/537.36 https://localhost:44326/Acc/Login 200 0 0 8
2018-12-11 08:47:33 ::1 GET /Acc/Login - 44326 - ::1 Mozilla/5.0+(Windows+NT+10.0;+Win64;+x64)+AppleWebKit/537.36+(KHTML,+like+Gecko)+Chrome/70.0.3538.110+Safari/537.36 https://localhost:44326/ 200 0 0 2319
2018-12-11 08:48:33 ::1 POST /Acc/IsRegister - 44326 - ::1 Mozilla/5.0+(Windows+NT+10.0;+Win64;+x64)+AppleWebKit/537.36+(KHTML,+like+Gecko)+Chrome/70.0.3538.110+Safari/537.36 https://localhost:44326/Acc/Login 200 0 0 52699
#Software: Microsoft Internet Information Services 10.0
#Version: 1.0
#Date: 2018-12-11 08:58:42
#Fields: date time s-ip cs-method cs-uri-stem cs-uri-query s-port cs-username c-ip cs(User-Agent) cs(Referer) sc-status sc-substatus sc-win32-status time-taken
2018-12-11 08:58:42 ::1 GET / - 64693 - ::1 Mozilla/5.0+(Windows+NT+10.0;+Win64;+x64)+AppleWebKit/537.36+(KHTML,+like+Gecko)+Chrome/70.0.3538.110+Safari/537.36 - 200 0 0 11831
2018-12-11 08:58:49 ::1 GET /Acc/Login - 64693 - ::1 Mozilla/5.0+(Windows+NT+10.0;+Win64;+x64)+AppleWebKit/537.36+(KHTML,+like+Gecko)+Chrome/70.0.3538.110+Safari/537.36 http://localhost:64693/ 200 0 0 1477
#Software: Microsoft Internet Information Services 10.0
#Version: 1.0
#Date: 2018-12-11 09:00:21
#Fields: date time s-ip cs-method cs-uri-stem cs-uri-query s-port cs-username c-ip cs(User-Agent) cs(Referer) sc-status sc-substatus sc-win32-status time-taken
2018-12-11 09:00:21 ::1 GET / - 64693 - ::1 Mozilla/5.0+(Windows+NT+10.0;+Win64;+x64)+AppleWebKit/537.36+(KHTML,+like+Gecko)+Chrome/70.0.3538.110+Safari/537.36 - 200 0 0 7490
2018-12-11 09:00:25 ::1 GET /Acc/Login - 64693 - ::1 Mozilla/5.0+(Windows+NT+10.0;+Win64;+x64)+AppleWebKit/537.36+(KHTML,+like+Gecko)+Chrome/70.0.3538.110+Safari/537.36 http://localhost:64693/ 200 0 0 1026
2018-12-11 09:01:29 ::1 POST /Acc/IsRegister - 64693 - ::1 Mozilla/5.0+(Windows+NT+10.0;+Win64;+x64)+AppleWebKit/537.36+(KHTML,+like+Gecko)+Chrome/70.0.3538.110+Safari/537.36 http://localhost:64693/Acc/Login 302 0 0 58280
2018-12-11 09:01:29 ::1 GET /Acc/Login - 64693 - ::1 Mozilla/5.0+(Windows+NT+10.0;+Win64;+x64)+AppleWebKit/537.36+(KHTML,+like+Gecko)+Chrome/70.0.3538.110+Safari/537.36 http://localhost:64693/ 200 0 0 5017
2018-12-11 09:01:29 ::1 GET /favicon.ico - 64693 - ::1 Mozilla/5.0+(Windows+NT+10.0;+Win64;+x64)+AppleWebKit/537.36+(KHTML,+like+Gecko)+Chrome/70.0.3538.110+Safari/537.36 http://localhost:64693/Acc/Login 200 0 0 15
2018-12-11 09:01:58 ::1 POST /Acc/IsRegister - 64693 - ::1 Mozilla/5.0+(Windows+NT+10.0;+Win64;+x64)+AppleWebKit/537.36+(KHTML,+like+Gecko)+Chrome/70.0.3538.110+Safari/537.36 http://localhost:64693/Acc/Login 302 0 0 15882
2018-12-11 09:01:58 ::1 GET / - 64693 - ::1 Mozilla/5.0+(Windows+NT+10.0;+Win64;+x64)+AppleWebKit/537.36+(KHTML,+like+Gecko)+Chrome/70.0.3538.110+Safari/537.36 http://localhost:64693/Acc/Login 200 0 0 792
2018-12-11 09:02:03 ::1 GET /Acc/Login - 64693 - ::1 Mozilla/5.0+(Windows+NT+10.0;+Win64;+x64)+AppleWebKit/537.36+(KHTML,+like+Gecko)+Chrome/70.0.3538.110+Safari/537.36 http://localhost:64693/ 200 0 0 103
#Software: Microsoft Internet Information Services 10.0
#Version: 1.0
#Date: 2018-12-11 09:05:04
#Fields: date time s-ip cs-method cs-uri-stem cs-uri-query s-port cs-username c-ip cs(User-Agent) cs(Referer) sc-status sc-substatus sc-win32-status time-taken
2018-12-11 09:05:04 ::1 GET / - 64693 - ::1 Mozilla/5.0+(Windows+NT+10.0;+Win64;+x64)+AppleWebKit/537.36+(KHTML,+like+Gecko)+Chrome/70.0.3538.110+Safari/537.36 - 200 0 0 3900
2018-12-11 09:05:06 ::1 GET /Acc/Login - 64693 - ::1 Mozilla/5.0+(Windows+NT+10.0;+Win64;+x64)+AppleWebKit/537.36+(KHTML,+like+Gecko)+Chrome/70.0.3538.110+Safari/537.36 http://localhost:64693/ 200 0 0 191
2018-12-11 09:05:13 ::1 POST /Acc/IsRegister - 64693 - ::1 Mozilla/5.0+(Windows+NT+10.0;+Win64;+x64)+AppleWebKit/537.36+(KHTML,+like+Gecko)+Chrome/70.0.3538.110+Safari/537.36 http://localhost:64693/Acc/Login 302 0 0 421
2018-12-11 09:05:13 ::1 GET / - 64693 - ::1 Mozilla/5.0+(Windows+NT+10.0;+Win64;+x64)+AppleWebKit/537.36+(KHTML,+like+Gecko)+Chrome/70.0.3538.110+Safari/537.36 http://localhost:64693/Acc/Login 200 0 0 5
2018-12-11 09:05:18 ::1 GET /Acc/Login - 64693 - ::1 Mozilla/5.0+(Windows+NT+10.0;+Win64;+x64)+AppleWebKit/537.36+(KHTML,+like+Gecko)+Chrome/70.0.3538.110+Safari/537.36 http://localhost:64693/ 200 0 0 7
2018-12-11 09:05:24 ::1 POST /Acc/IsRegister - 64693 - ::1 Mozilla/5.0+(Windows+NT+10.0;+Win64;+x64)+AppleWebKit/537.36+(KHTML,+like+Gecko)+Chrome/70.0.3538.110+Safari/537.36 http://localhost:64693/Acc/Login 302 0 0 9
2018-12-11 09:05:24 ::1 GET / - 64693 - ::1 Mozilla/5.0+(Windows+NT+10.0;+Win64;+x64)+AppleWebKit/537.36+(KHTML,+like+Gecko)+Chrome/70.0.3538.110+Safari/537.36 http://localhost:64693/Acc/Login 200 0 0 6
#Software: Microsoft Internet Information Services 10.0
#Version: 1.0
#Date: 2018-12-11 09:06:41
#Fields: date time s-ip cs-method cs-uri-stem cs-uri-query s-port cs-username c-ip cs(User-Agent) cs(Referer) sc-status sc-substatus sc-win32-status time-taken
2018-12-11 09:06:41 ::1 GET / - 64693 - ::1 Mozilla/5.0+(Windows+NT+10.0;+Win64;+x64)+AppleWebKit/537.36+(KHTML,+like+Gecko)+Chrome/70.0.3538.110+Safari/537.36 - 200 0 0 7602
2018-12-11 09:06:56 ::1 GET /Acc/Register - 64693 - ::1 Mozilla/5.0+(Windows+NT+10.0;+Win64;+x64)+AppleWebKit/537.36+(KHTML,+like+Gecko)+Chrome/70.0.3538.110+Safari/537.36 http://localhost:64693/ 200 0 0 1033
2018-12-11 09:07:17 ::1 POST /Acc/Register - 64693 - ::1 Mozilla/5.0+(Windows+NT+10.0;+Win64;+x64)+AppleWebKit/537.36+(KHTML,+like+Gecko)+Chrome/70.0.3538.110+Safari/537.36 http://localhost:64693/Acc/Register 200 0 0 378
#Software: Microsoft Internet Information Services 10.0
#Version: 1.0
#Date: 2018-12-11 09:10:42
#Fields: date time s-ip cs-method cs-uri-stem cs-uri-query s-port cs-username c-ip cs(User-Agent) cs(Referer) sc-status sc-substatus sc-win32-status time-taken
2018-12-11 09:10:42 ::1 GET / - 64693 - ::1 Mozilla/5.0+(Windows+NT+10.0;+Win64;+x64)+AppleWebKit/537.36+(KHTML,+like+Gecko)+Chrome/70.0.3538.110+Safari/537.36 - 200 0 0 7280
2018-12-11 09:10:53 ::1 GET /Acc/Login - 64693 - ::1 Mozilla/5.0+(Windows+NT+10.0;+Win64;+x64)+AppleWebKit/537.36+(KHTML,+like+Gecko)+Chrome/70.0.3538.110+Safari/537.36 http://localhost:64693/ 200 0 0 1019
2018-12-11 09:11:16 ::1 POST /Acc/IsRegister - 64693 - ::1 Mozilla/5.0+(Windows+NT+10.0;+Win64;+x64)+AppleWebKit/537.36+(KHTML,+like+Gecko)+Chrome/70.0.3538.110+Safari/537.36 http://localhost:64693/Acc/Login 302 0 0 6819
2018-12-11 09:11:16 ::1 GET / - 64693 - ::1 Mozilla/5.0+(Windows+NT+10.0;+Win64;+x64)+AppleWebKit/537.36+(KHTML,+like+Gecko)+Chrome/70.0.3538.110+Safari/537.36 http://localhost:64693/Acc/Login 200 0 0 5
2018-12-11 09:14:12 ::1 GET /Acc/Login - 64693 - ::1 Mozilla/5.0+(Windows+NT+10.0;+Win64;+x64)+AppleWebKit/537.36+(KHTML,+like+Gecko)+Chrome/70.0.3538.110+Safari/537.36 http://localhost:64693/ 200 0 0 8
2018-12-11 09:17:28 ::1 POST /Acc/IsRegister - 64693 - ::1 Mozilla/5.0+(Windows+NT+10.0;+Win64;+x64)+AppleWebKit/537.36+(KHTML,+like+Gecko)+Chrome/70.0.3538.110+Safari/537.36 http://localhost:64693/Acc/Login 302 0 0 59725
2018-12-11 09:17:38 ::1 GET /MOVIES/MOVIES - 64693 - ::1 Mozilla/5.0+(Windows+NT+10.0;+Win64;+x64)+AppleWebKit/537.36+(KHTML,+like+Gecko)+Chrome/70.0.3538.110+Safari/537.36 http://localhost:64693/Acc/Login 404 0 0 2706
2018-12-11 09:17:46 ::1 GET /MOVIES/MOVIES - 64693 - ::1 Mozilla/5.0+(Windows+NT+10.0;+Win64;+x64)+AppleWebKit/537.36+(KHTML,+like+Gecko)+Chrome/70.0.3538.110+Safari/537.36 http://localhost:64693/Acc/Login 404 0 0 11
#Software: Microsoft Internet Information Services 10.0
#Version: 1.0
#Date: 2018-12-11 09:21:32
#Fields: date time s-ip cs-method cs-uri-stem cs-uri-query s-port cs-username c-ip cs(User-Agent) cs(Referer) sc-status sc-substatus sc-win32-status time-taken
2018-12-11 09:21:32 ::1 GET / - 64693 - ::1 Mozilla/5.0+(Windows+NT+10.0;+Win64;+x64)+AppleWebKit/537.36+(KHTML,+like+Gecko)+Chrome/70.0.3538.110+Safari/537.36 - 200 0 0 7497
#Software: Microsoft Internet Information Services 10.0
#Version: 1.0
#Date: 2018-12-11 09:42:12
#Fields: date time s-ip cs-method cs-uri-stem cs-uri-query s-port cs-username c-ip cs(User-Agent) cs(Referer) sc-status sc-substatus sc-win32-status time-taken
2018-12-11 09:42:12 ::1 GET / - 44326 - ::1 Mozilla/5.0+(Windows+NT+10.0;+Win64;+x64)+AppleWebKit/537.36+(KHTML,+like+Gecko)+Chrome/70.0.3538.110+Safari/537.36 - 200 0 0 12233
#Software: Microsoft Internet Information Services 10.0
#Version: 1.0
#Date: 2018-12-11 09:47:06
#Fields: date time s-ip cs-method cs-uri-stem cs-uri-query s-port cs-username c-ip cs(User-Agent) cs(Referer) sc-status sc-substatus sc-win32-status time-taken
2018-12-11 09:47:06 ::1 GET / - 44326 - ::1 Mozilla/5.0+(Windows+NT+10.0;+Win64;+x64)+AppleWebKit/537.36+(KHTML,+like+Gecko)+Chrome/70.0.3538.110+Safari/537.36 - 200 0 0 4431
#Software: Microsoft Internet Information Services 10.0
#Version: 1.0
#Date: 2018-12-11 09:48:53
#Fields: date time s-ip cs-method cs-uri-stem cs-uri-query s-port cs-username c-ip cs(User-Agent) cs(Referer) sc-status sc-substatus sc-win32-status time-taken
2018-12-11 09:48:53 ::1 GET / - 44326 - ::1 Mozilla/5.0+(Windows+NT+10.0;+Win64;+x64)+AppleWebKit/537.36+(KHTML,+like+Gecko)+Chrome/70.0.3538.110+Safari/537.36 - 200 0 0 7529
2018-12-11 09:48:55 ::1 GET /Acc/Login - 44326 - ::1 Mozilla/5.0+(Windows+NT+10.0;+Win64;+x64)+AppleWebKit/537.36+(KHTML,+like+Gecko)+Chrome/70.0.3538.110+Safari/537.36 https://localhost:44326/ 200 0 0 1354
2018-12-11 09:49:18 ::1 POST /Acc/IsRegister - 44326 - ::1 Mozilla/5.0+(Windows+NT+10.0;+Win64;+x64)+AppleWebKit/537.36+(KHTML,+like+Gecko)+Chrome/70.0.3538.110+Safari/537.36 https://localhost:44326/Acc/Login 302 0 0 7212
2018-12-11 09:49:18 ::1 GET / - 44326 - ::1 Mozilla/5.0+(Windows+NT+10.0;+Win64;+x64)+AppleWebKit/537.36+(KHTML,+like+Gecko)+Chrome/70.0.3538.110+Safari/537.36 https://localhost:44326/Acc/Login 200 0 0 7
2018-12-11 09:49:25 ::1 GET / - 44326 - ::1 Mozilla/5.0+(Windows+NT+10.0;+Win64;+x64)+AppleWebKit/537.36+(KHTML,+like+Gecko)+Chrome/70.0.3538.110+Safari/537.36 https://localhost:44326/ 200 0 0 7
#Software: Microsoft Internet Information Services 10.0
#Version: 1.0
#Date: 2018-12-11 10:39:25
#Fields: date time s-ip cs-method cs-uri-stem cs-uri-query s-port cs-username c-ip cs(User-Agent) cs(Referer) sc-status sc-substatus sc-win32-status time-taken
2018-12-11 10:39:25 ::1 GET / - 44326 - ::1 Mozilla/5.0+(Windows+NT+10.0;+Win64;+x64)+AppleWebKit/537.36+(KHTML,+like+Gecko)+Chrome/70.0.3538.110+Safari/537.36 - 200 0 0 45319
2018-12-11 10:39:29 ::1 GET /Acc/Register - 44326 - ::1 Mozilla/5.0+(Windows+NT+10.0;+Win64;+x64)+AppleWebKit/537.36+(KHTML,+like+Gecko)+Chrome/70.0.3538.110+Safari/537.36 https://localhost:44326/ 200 0 0 1452
#Software: Microsoft Internet Information Services 10.0
#Version: 1.0
#Date: 2018-12-11 11:20:02
#Fields: date time s-ip cs-method cs-uri-stem cs-uri-query s-port cs-username c-ip cs(User-Agent) cs(Referer) sc-status sc-substatus sc-win32-status time-taken
2018-12-11 11:20:02 ::1 GET / - 64693 - ::1 Mozilla/5.0+(Windows+NT+10.0;+Win64;+x64)+AppleWebKit/537.36+(KHTML,+like+Gecko)+Chrome/70.0.3538.110+Safari/537.36 - 200 0 0 21390
2018-12-11 11:20:02 ::1 GET / - 44326 - ::1 Mozilla/5.0+(Windows+NT+10.0;+Win64;+x64)+AppleWebKit/537.36+(KHTML,+like+Gecko)+Chrome/70.0.3538.110+Safari/537.36 - 200 0 0 46848
#Software: Microsoft Internet Information Services 10.0
#Version: 1.0
#Date: 2018-12-11 11:22:41
#Fields: date time s-ip cs-method cs-uri-stem cs-uri-query s-port cs-username c-ip cs(User-Agent) cs(Referer) sc-status sc-substatus sc-win32-status time-taken
2018-12-11 11:22:41 ::1 GET / - 44326 - ::1 Mozilla/5.0+(Windows+NT+10.0;+Win64;+x64)+AppleWebKit/537.36+(KHTML,+like+Gecko)+Chrome/70.0.3538.110+Safari/537.36 - 200 0 0 45413
2018-12-11 11:23:01 ::1 GET /Movies/Movies - 44326 - ::1 Mozilla/5.0+(Windows+NT+10.0;+Win64;+x64)+AppleWebKit/537.36+(KHTML,+like+Gecko)+Chrome/70.0.3538.110+Safari/537.36 https://localhost:44326/ 500 0 0 580
#Software: Microsoft Internet Information Services 10.0
#Version: 1.0
#Date: 2018-12-11 11:25:15
#Fields: date time s-ip cs-method cs-uri-stem cs-uri-query s-port cs-username c-ip cs(User-Agent) cs(Referer) sc-status sc-substatus sc-win32-status time-taken
2018-12-11 11:25:15 ::1 GET /Movies/Movies - 44326 - ::1 Mozilla/5.0+(Windows+NT+10.0;+Win64;+x64)+AppleWebKit/537.36+(KHTML,+like+Gecko)+Chrome/70.0.3538.110+Safari/537.36 - 200 0 0 46419
2018-12-11 11:25:19 ::1 GET /Movies/Movies - 44326 - ::1 Mozilla/5.0+(Windows+NT+10.0;+Win64;+x64)+AppleWebKit/537.36+(KHTML,+like+Gecko)+Chrome/70.0.3538.110+Safari/537.36 https://localhost:44326/Movies/Movies 200 0 0 8
2018-12-11 11:25:22 ::1 GET / - 44326 - ::1 Mozilla/5.0+(Windows+NT+10.0;+Win64;+x64)+AppleWebKit/537.36+(KHTML,+like+Gecko)+Chrome/70.0.3538.110+Safari/537.36 https://localhost:44326/Movies/Movies 200 0 0 490
2018-12-11 11:25:23 ::1 GET /Movies/Movies - 44326 - ::1 Mozilla/5.0+(Windows+NT+10.0;+Win64;+x64)+AppleWebKit/537.36+(KHTML,+like+Gecko)+Chrome/70.0.3538.110+Safari/537.36 https://localhost:44326/ 200 0 0 7
2018-12-11 11:25:24 ::1 GET /Home/About - 44326 - ::1 Mozilla/5.0+(Windows+NT+10.0;+Win64;+x64)+AppleWebKit/537.36+(KHTML,+like+Gecko)+Chrome/70.0.3538.110+Safari/537.36 https://localhost:44326/Movies/Movies 200 0 0 24
2018-12-11 11:25:24 ::1 GET /Home/Contact - 44326 - ::1 Mozilla/5.0+(Windows+NT+10.0;+Win64;+x64)+AppleWebKit/537.36+(KHTML,+like+Gecko)+Chrome/70.0.3538.110+Safari/537.36 https://localhost:44326/Home/About 200 0 0 16
2018-12-11 11:25:27 ::1 GET /Acc/Login - 44326 - ::1 Mozilla/5.0+(Windows+NT+10.0;+Win64;+x64)+AppleWebKit/537.36+(KHTML,+like+Gecko)+Chrome/70.0.3538.110+Safari/537.36 https://localhost:44326/Home/Contact 200 0 0 1267
2018-12-11 11:25:28 ::1 GET /Acc/Register - 44326 - ::1 Mozilla/5.0+(Windows+NT+10.0;+Win64;+x64)+AppleWebKit/537.36+(KHTML,+like+Gecko)+Chrome/70.0.3538.110+Safari/537.36 https://localhost:44326/Acc/Login 200 0 0 952
2018-12-11 11:25:29 ::1 GET /Movies/Movies - 44326 - ::1 Mozilla/5.0+(Windows+NT+10.0;+Win64;+x64)+AppleWebKit/537.36+(KHTML,+like+Gecko)+Chrome/70.0.3538.110+Safari/537.36 https://localhost:44326/Acc/Register 200 0 0 5
#Software: Microsoft Internet Information Services 10.0
#Version: 1.0
#Date: 2018-12-11 11:29:58
#Fields: date time s-ip cs-method cs-uri-stem cs-uri-query s-port cs-username c-ip cs(User-Agent) cs(Referer) sc-status sc-substatus sc-win32-status time-taken
2018-12-11 11:29:58 ::1 GET / - 44326 - ::1 Mozilla/5.0+(Windows+NT+10.0;+Win64;+x64)+AppleWebKit/537.36+(KHTML,+like+Gecko)+Chrome/70.0.3538.110+Safari/537.36 - 200 0 0 8286
#Software: Microsoft Internet Information Services 10.0
#Version: 1.0
#Date: 2018-12-11 11:37:46
#Fields: date time s-ip cs-method cs-uri-stem cs-uri-query s-port cs-username c-ip cs(User-Agent) cs(Referer) sc-status sc-substatus sc-win32-status time-taken
2018-12-11 11:37:46 ::1 GET / - 44326 - ::1 Mozilla/5.0+(Windows+NT+10.0;+Win64;+x64)+AppleWebKit/537.36+(KHTML,+like+Gecko)+Chrome/70.0.3538.110+Safari/537.36 - 200 0 0 44557
2018-12-11 11:37:51 ::1 GET /Acc/Login - 44326 - ::1 Mozilla/5.0+(Windows+NT+10.0;+Win64;+x64)+AppleWebKit/537.36+(KHTML,+like+Gecko)+Chrome/70.0.3538.110+Safari/537.36 https://localhost:44326/ 200 0 0 1303
2018-12-11 11:38:05 ::1 POST /Acc/IsRegister - 44326 - ::1 Mozilla/5.0+(Windows+NT+10.0;+Win64;+x64)+AppleWebKit/537.36+(KHTML,+like+Gecko)+Chrome/70.0.3538.110+Safari/537.36 https://localhost:44326/Acc/Login 302 0 0 682
2018-12-11 11:38:05 ::1 GET / - 44326 - ::1 Mozilla/5.0+(Windows+NT+10.0;+Win64;+x64)+AppleWebKit/537.36+(KHTML,+like+Gecko)+Chrome/70.0.3538.110+Safari/537.36 https://localhost:44326/Acc/Login 200 0 0 5
2018-12-11 11:38:12 ::1 GET / - 44326 - ::1 Mozilla/5.0+(Windows+NT+10.0;+Win64;+x64)+AppleWebKit/537.36+(KHTML,+like+Gecko)+Chrome/70.0.3538.110+Safari/537.36 https://localhost:44326/ 200 0 0 5
2018-12-11 11:38:14 ::1 GET / - 44326 - ::1 Mozilla/5.0+(Windows+NT+10.0;+Win64;+x64)+AppleWebKit/537.36+(KHTML,+like+Gecko)+Chrome/70.0.3538.110+Safari/537.36 https://localhost:44326/ 200 0 0 6
2018-12-11 11:39:06 ::1 GET / - 44326 - ::1 Mozilla/5.0+(Windows+NT+10.0;+Win64;+x64)+AppleWebKit/537.36+(KHTML,+like+Gecko)+Chrome/70.0.3538.110+Safari/537.36 https://localhost:44326/ 200 0 0 29655
2018-12-11 11:39:53 ::1 GET /Movies/Movies - 44326 - ::1 Mozilla/5.0+(Windows+NT+10.0;+Win64;+x64)+AppleWebKit/537.36+(KHTML,+like+Gecko)+Chrome/70.0.3538.110+Safari/537.36 https://localhost:44326/ 200 0 0 9292
2018-12-11 11:40:05 ::1 GET / - 44326 - ::1 Mozilla/5.0+(Windows+NT+10.0;+Win64;+x64)+AppleWebKit/537.36+(KHTML,+like+Gecko)+Chrome/70.0.3538.110+Safari/537.36 https://localhost:44326/Movies/Movies 200 0 0 7308
2018-12-11 11:40:13 ::1 GET /Acc/Login - 44326 - ::1 Mozilla/5.0+(Windows+NT+10.0;+Win64;+x64)+AppleWebKit/537.36+(KHTML,+like+Gecko)+Chrome/70.0.3538.110+Safari/537.36 https://localhost:44326/ 200 0 0 3838
2018-12-11 11:40:48 ::1 POST /Acc/IsRegister - 44326 - ::1 Mozilla/5.0+(Windows+NT+10.0;+Win64;+x64)+AppleWebKit/537.36+(KHTML,+like+Gecko)+Chrome/70.0.3538.110+Safari/537.36 https://localhost:44326/Acc/Login 302 0 0 10494
#Software: Microsoft Internet Information Services 10.0
#Version: 1.0
#Date: 2018-12-11 11:57:28
#Fields: date time s-ip cs-method cs-uri-stem cs-uri-query s-port cs-username c-ip cs(User-Agent) cs(Referer) sc-status sc-substatus sc-win32-status time-taken
2018-12-11 11:57:28 ::1 GET / - 44326 - ::1 Mozilla/5.0+(Windows+NT+10.0;+Win64;+x64)+AppleWebKit/537.36+(KHTML,+like+Gecko)+Chrome/70.0.3538.110+Safari/537.36 - 500 0 0 74904
#Software: Microsoft Internet Information Services 10.0
#Version: 1.0
#Date: 2018-12-11 11:59:31
#Fields: date time s-ip cs-method cs-uri-stem cs-uri-query s-port cs-username c-ip cs(User-Agent) cs(Referer) sc-status sc-substatus sc-win32-status time-taken
2018-12-11 11:59:31 ::1 GET / - 44326 - ::1 Mozilla/5.0+(Windows+NT+10.0;+Win64;+x64)+AppleWebKit/537.36+(KHTML,+like+Gecko)+Chrome/70.0.3538.110+Safari/537.36 - 200 0 0 17890
2018-12-11 11:59:43 ::1 GET /Acc/Login - 44326 - ::1 Mozilla/5.0+(Windows+NT+10.0;+Win64;+x64)+AppleWebKit/537.36+(KHTML,+like+Gecko)+Chrome/70.0.3538.110+Safari/537.36 https://localhost:44326/ 200 0 0 9097
2018-12-11 12:00:05 ::1 POST /Acc/IsRegister - 44326 - ::1 Mozilla/5.0+(Windows+NT+10.0;+Win64;+x64)+AppleWebKit/537.36+(KHTML,+like+Gecko)+Chrome/70.0.3538.110+Safari/537.36 https://localhost:44326/Acc/Login 302 0 0 5934
2018-12-11 12:00:12 ::1 GET / - 44326 - ::1 Mozilla/5.0+(Windows+NT+10.0;+Win64;+x64)+AppleWebKit/537.36+(KHTML,+like+Gecko)+Chrome/70.0.3538.110+Safari/537.36 https://localhost:44326/Acc/Login 200 0 0 6152
2018-12-11 12:01:09 ::1 GET / - 44326 - ::1 Mozilla/5.0+(Windows+NT+10.0;+Win64;+x64)+AppleWebKit/537.36+(KHTML,+like+Gecko)+Chrome/70.0.3538.110+Safari/537.36 https://localhost:44326/ 200 0 0 15292
2018-12-11 12:01:15 ::1 GET /Acc/Login - 44326 - ::1 Mozilla/5.0+(Windows+NT+10.0;+Win64;+x64)+AppleWebKit/537.36+(KHTML,+like+Gecko)+Chrome/70.0.3538.110+Safari/537.36 https://localhost:44326/ 200 0 0 3409
2018-12-11 12:01:34 ::1 POST /Acc/IsRegister - 44326 - ::1 Mozilla/5.0+(Windows+NT+10.0;+Win64;+x64)+AppleWebKit/537.36+(KHTML,+like+Gecko)+Chrome/70.0.3538.110+Safari/537.36 https://localhost:44326/Acc/Login 302 0 0 11176
2018-12-11 12:03:11 ::1 GET / - 44326 - ::1 Mozilla/5.0+(Windows+NT+10.0;+Win64;+x64)+AppleWebKit/537.36+(KHTML,+like+Gecko)+Chrome/70.0.3538.110+Safari/537.36 https://localhost:44326/Acc/Login 200 0 0 96673
2018-12-11 12:04:06 ::1 GET / - 44326 - ::1 Mozilla/5.0+(Windows+NT+10.0;+Win64;+x64)+AppleWebKit/537.36+(KHTML,+like+Gecko)+Chrome/70.0.3538.110+Safari/537.36 https://localhost:44326/Acc/Login 200 0 0 10875
2018-12-11 12:04:06 ::1 GET /favicon.ico - 44326 - ::1 Mozilla/5.0+(Windows+NT+10.0;+Win64;+x64)+AppleWebKit/537.36+(KHTML,+like+Gecko)+Chrome/70.0.3538.110+Safari/537.36 https://localhost:44326/ 200 0 0 44
2018-12-11 12:04:22 ::1 GET /Acc/Login - 44326 - ::1 Mozilla/5.0+(Windows+NT+10.0;+Win64;+x64)+AppleWebKit/537.36+(KHTML,+like+Gecko)+Chrome/70.0.3538.110+Safari/537.36 https://localhost:44326/ 200 0 0 14332
2018-12-11 12:04:35 ::1 POST /Acc/IsRegister - 44326 - ::1 Mozilla/5.0+(Windows+NT+10.0;+Win64;+x64)+AppleWebKit/537.36+(KHTML,+like+Gecko)+Chrome/70.0.3538.110+Safari/537.36 https://localhost:44326/Acc/Login 302 0 0 3415
2018-12-11 12:04:45 ::1 GET / - 44326 - ::1 Mozilla/5.0+(Windows+NT+10.0;+Win64;+x64)+AppleWebKit/537.36+(KHTML,+like+Gecko)+Chrome/70.0.3538.110+Safari/537.36 https://localhost:44326/Acc/Login 200 0 0 9695
2018-12-11 12:04:57 ::1 GET / - 44326 - ::1 Mozilla/5.0+(Windows+NT+10.0;+Win64;+x64)+AppleWebKit/537.36+(KHTML,+like+Gecko)+Chrome/70.0.3538.110+Safari/537.36 https://localhost:44326/ 200 0 0 3655
2018-12-11 12:05:31 ::1 GET / - 44326 - ::1 Mozilla/5.0+(Windows+NT+10.0;+Win64;+x64)+AppleWebKit/537.36+(KHTML,+like+Gecko)+Chrome/70.0.3538.110+Safari/537.36 https://localhost:44326/ 200 0 0 25415
2018-12-11 12:05:41 ::1 GET /Acc/Login - 44326 - ::1 Mozilla/5.0+(Windows+NT+10.0;+Win64;+x64)+AppleWebKit/537.36+(KHTML,+like+Gecko)+Chrome/70.0.3538.110+Safari/537.36 https://localhost:44326/ 200 0 0 6558
2018-12-11 12:06:03 ::1 POST /Acc/IsRegister - 44326 - ::1 Mozilla/5.0+(Windows+NT+10.0;+Win64;+x64)+AppleWebKit/537.36+(KHTML,+like+Gecko)+Chrome/70.0.3538.110+Safari/537.36 https://localhost:44326/Acc/Login 302 0 0 5020
2018-12-11 12:06:03 ::1 GET / - 44326 - ::1 Mozilla/5.0+(Windows+NT+10.0;+Win64;+x64)+AppleWebKit/537.36+(KHTML,+like+Gecko)+Chrome/70.0.3538.110+Safari/537.36 https://localhost:44326/Acc/Login 200 0 0 11
2018-12-11 12:06:06 ::1 GET / - 44326 - ::1 Mozilla/5.0+(Windows+NT+10.0;+Win64;+x64)+AppleWebKit/537.36+(KHTML,+like+Gecko)+Chrome/70.0.3538.110+Safari/537.36 https://localhost:44326/ 200 0 0 6
2018-12-11 12:06:11 ::1 GET / - 44326 - ::1 Mozilla/5.0+(Windows+NT+10.0;+Win64;+x64)+AppleWebKit/537.36+(KHTML,+like+Gecko)+Chrome/70.0.3538.110+Safari/537.36 https://localhost:44326/ 200 0 0 2491
2018-12-11 12:06:14 ::1 GET /Movies/Movies - 44326 - ::1 Mozilla/5.0+(Windows+NT+10.0;+Win64;+x64)+AppleWebKit/537.36+(KHTML,+like+Gecko)+Chrome/70.0.3538.110+Safari/537.36 https://localhost:44326/ 200 0 0 489
2018-12-11 12:06:16 ::1 GET /Home/About - 44326 - ::1 Mozilla/5.0+(Windows+NT+10.0;+Win64;+x64)+AppleWebKit/537.36+(KHTML,+like+Gecko)+Chrome/70.0.3538.110+Safari/537.36 https://localhost:44326/Movies/Movies 200 0 0 28
2018-12-11 12:06:16 ::1 GET /Movies/Movies - 44326 - ::1 Mozilla/5.0+(Windows+NT+10.0;+Win64;+x64)+AppleWebKit/537.36+(KHTML,+like+Gecko)+Chrome/70.0.3538.110+Safari/537.36 https://localhost:44326/Home/About 200 0 0 6
2018-12-11 12:06:33 ::1 GET / - 44326 - ::1 Mozilla/5.0+(Windows+NT+10.0;+Win64;+x64)+AppleWebKit/537.36+(KHTML,+like+Gecko)+Chrome/70.0.3538.110+Safari/537.36 https://localhost:44326/Movies/Movies 200 0 0 6
#Software: Microsoft Internet Information Services 10.0
#Version: 1.0
#Date: 2018-12-11 12:06:54
#Fields: date time s-ip cs-method cs-uri-stem cs-uri-query s-port cs-username c-ip cs(User-Agent) cs(Referer) sc-status sc-substatus sc-win32-status time-taken
2018-12-11 12:06:54 ::1 GET / - 44326 - ::1 Mozilla/5.0+(Windows+NT+10.0;+Win64;+x64)+AppleWebKit/537.36+(KHTML,+like+Gecko)+Chrome/70.0.3538.110+Safari/537.36 - 200 0 0 6204
2018-12-11 12:07:14 ::1 GET /Acc/Login - 44326 - ::1 Mozilla/5.0+(Windows+NT+10.0;+Win64;+x64)+AppleWebKit/537.36+(KHTML,+like+Gecko)+Chrome/70.0.3538.110+Safari/537.36 https://localhost:44326/ 200 0 0 297
2018-12-11 12:07:41 ::1 POST /Acc/IsRegister - 44326 - ::1 Mozilla/5.0+(Windows+NT+10.0;+Win64;+x64)+AppleWebKit/537.36+(KHTML,+like+Gecko)+Chrome/70.0.3538.110+Safari/537.36 https://localhost:44326/Acc/Login 302 0 0 11852
2018-12-11 12:07:41 ::1 GET / - 44326 - ::1 Mozilla/5.0+(Windows+NT+10.0;+Win64;+x64)+AppleWebKit/537.36+(KHTML,+like+Gecko)+Chrome/70.0.3538.110+Safari/537.36 https://localhost:44326/Acc/Login 200 0 0 11
#Software: Microsoft Internet Information Services 10.0
#Version: 1.0
#Date: 2018-12-11 12:13:47
#Fields: date time s-ip cs-method cs-uri-stem cs-uri-query s-port cs-username c-ip cs(User-Agent) cs(Referer) sc-status sc-substatus sc-win32-status time-taken
2018-12-11 12:13:47 ::1 GET / - 44326 - ::1 Mozilla/5.0+(Windows+NT+10.0;+Win64;+x64)+AppleWebKit/537.36+(KHTML,+like+Gecko)+Chrome/70.0.3538.110+Safari/537.36 - 200 0 0 8854
2018-12-11 12:19:16 ::1 GET / - 44326 - ::1 Mozilla/5.0+(Windows+NT+10.0;+Win64;+x64)+AppleWebKit/537.36+(KHTML,+like+Gecko)+Chrome/70.0.3538.110+Safari/537.36 https://localhost:44326/ 200 0 0 564
2018-12-11 12:19:19 ::1 GET /Acc/Login - 44326 - ::1 Mozilla/5.0+(Windows+NT+10.0;+Win64;+x64)+AppleWebKit/537.36+(KHTML,+like+Gecko)+Chrome/70.0.3538.110+Safari/537.36 https://localhost:44326/ 200 0 0 260
2018-12-11 12:19:34 ::1 POST /Acc/IsRegister - 44326 - ::1 Mozilla/5.0+(Windows+NT+10.0;+Win64;+x64)+AppleWebKit/537.36+(KHTML,+like+Gecko)+Chrome/70.0.3538.110+Safari/537.36 https://localhost:44326/Acc/Login 302 0 64 6934
2018-12-11 12:19:34 ::1 POST /Acc/IsRegister - 44326 - ::1 Mozilla/5.0+(Windows+NT+10.0;+Win64;+x64)+AppleWebKit/537.36+(KHTML,+like+Gecko)+Chrome/70.0.3538.110+Safari/537.36 https://localhost:44326/Acc/Login 302 0 64 6243
2018-12-11 12:19:34 ::1 POST /Acc/IsRegister - 44326 - ::1 Mozilla/5.0+(Windows+NT+10.0;+Win64;+x64)+AppleWebKit/537.36+(KHTML,+like+Gecko)+Chrome/70.0.3538.110+Safari/537.36 https://localhost:44326/Acc/Login 302 0 0 3752
2018-12-11 12:19:34 ::1 GET / - 44326 - ::1 Mozilla/5.0+(Windows+NT+10.0;+Win64;+x64)+AppleWebKit/537.36+(KHTML,+like+Gecko)+Chrome/70.0.3538.110+Safari/537.36 https://localhost:44326/Acc/Login 200 0 0 12
#Software: Microsoft Internet Information Services 10.0
#Version: 1.0
#Date: 2018-12-11 12:20:57
#Fields: date time s-ip cs-method cs-uri-stem cs-uri-query s-port cs-username c-ip cs(User-Agent) cs(Referer) sc-status sc-substatus sc-win32-status time-taken
2018-12-11 12:20:57 ::1 GET / - 44326 - ::1 Mozilla/5.0+(Windows+NT+10.0;+Win64;+x64)+AppleWebKit/537.36+(KHTML,+like+Gecko)+Chrome/70.0.3538.110+Safari/537.36 - 200 0 0 10986
2018-12-11 13:07:11 ::1 GET /Acc/Login - 44326 - ::1 Mozilla/5.0+(Windows+NT+10.0;+Win64;+x64)+AppleWebKit/537.36+(KHTML,+like+Gecko)+Chrome/70.0.3538.110+Safari/537.36 https://localhost:44326/ 200 0 0 263
2018-12-11 13:07:11 ::1 GET /Scripts/jquery-3.3.1.min.js - 44326 - ::1 Mozilla/5.0+(Windows+NT+10.0;+Win64;+x64)+AppleWebKit/537.36+(KHTML,+like+Gecko)+Chrome/70.0.3538.110+Safari/537.36 https://localhost:44326/Acc/Login 304 0 0 15
2018-12-11 13:07:11 ::1 GET /Scripts/jquery.validate.min.js - 44326 - ::1 Mozilla/5.0+(Windows+NT+10.0;+Win64;+x64)+AppleWebKit/537.36+(KHTML,+like+Gecko)+Chrome/70.0.3538.110+Safari/537.36 https://localhost:44326/Acc/Login 304 0 0 19
2018-12-11 13:07:11 ::1 GET /Scripts/jquery.validate.unobtrusive.min.js - 44326 - ::1 Mozilla/5.0+(Windows+NT+10.0;+Win64;+x64)+AppleWebKit/537.36+(KHTML,+like+Gecko)+Chrome/70.0.3538.110+Safari/537.36 https://localhost:44326/Acc/Login 304 0 0 18
2018-12-11 13:07:58 ::1 POST /Acc/IsRegister - 44326 - ::1 Mozilla/5.0+(Windows+NT+10.0;+Win64;+x64)+AppleWebKit/537.36+(KHTML,+like+Gecko)+Chrome/70.0.3538.110+Safari/537.36 https://localhost:44326/Acc/Login 302 0 0 2935
2018-12-11 13:07:58 ::1 GET / - 44326 - ::1 Mozilla/5.0+(Windows+NT+10.0;+Win64;+x64)+AppleWebKit/537.36+(KHTML,+like+Gecko)+Chrome/70.0.3538.110+Safari/537.36 https://localhost:44326/Acc/Login 200 0 0 765
2018-12-11 13:09:31 ::1 GET / - 44326 - ::1 Mozilla/5.0+(Windows+NT+10.0;+Win64;+x64)+AppleWebKit/537.36+(KHTML,+like+Gecko)+Chrome/70.0.3538.110+Safari/537.36 https://localhost:44326/ 200 0 0 623
2018-12-11 13:09:51 ::1 GET / - 44326 - ::1 Mozilla/5.0+(Windows+NT+10.0;+Win64;+x64)+AppleWebKit/537.36+(KHTML,+like+Gecko)+Chrome/70.0.3538.110+Safari/537.36 https://localhost:44326/ 200 0 0 7
2018-12-11 13:09:51 ::1 GET /favicon.ico - 44326 - ::1 Mozilla/5.0+(Windows+NT+10.0;+Win64;+x64)+AppleWebKit/537.36+(KHTML,+like+Gecko)+Chrome/70.0.3538.110+Safari/537.36 https://localhost:44326/ 200 0 0 34
2018-12-11 13:09:54 ::1 GET / - 44326 - ::1 Mozilla/5.0+(Windows+NT+10.0;+Win64;+x64)+AppleWebKit/537.36+(KHTML,+like+Gecko)+Chrome/70.0.3538.110+Safari/537.36 https://localhost:44326/ 200 0 0 5
2018-12-11 13:09:55 ::1 GET /Movies/Movies - 44326 - ::1 Mozilla/5.0+(Windows+NT+10.0;+Win64;+x64)+AppleWebKit/537.36+(KHTML,+like+Gecko)+Chrome/70.0.3538.110+Safari/537.36 https://localhost:44326/ 200 0 0 36
2018-12-11 13:09:55 ::1 GET /Home/About - 44326 - ::1 Mozilla/5.0+(Windows+NT+10.0;+Win64;+x64)+AppleWebKit/537.36+(KHTML,+like+Gecko)+Chrome/70.0.3538.110+Safari/537.36 https://localhost:44326/Movies/Movies 200 0 0 28
2018-12-11 13:09:56 ::1 GET /Home/Contact - 44326 - ::1 Mozilla/5.0+(Windows+NT+10.0;+Win64;+x64)+AppleWebKit/537.36+(KHTML,+like+Gecko)+Chrome/70.0.3538.110+Safari/537.36 https://localhost:44326/Home/About 200 0 0 21
2018-12-11 13:10:32 ::1 GET / - 44326 - ::1 Mozilla/5.0+(Windows+NT+10.0;+Win64;+x64)+AppleWebKit/537.36+(KHTML,+like+Gecko)+Chrome/70.0.3538.110+Safari/537.36 https://localhost:44326/Home/Contact 200 0 0 598
#Software: Microsoft Internet Information Services 10.0
#Version: 1.0
#Date: 2018-12-11 13:10:57
#Fields: date time s-ip cs-method cs-uri-stem cs-uri-query s-port cs-username c-ip cs(User-Agent) cs(Referer) sc-status sc-substatus sc-win32-status time-taken
2018-12-11 13:10:57 ::1 GET / - 44326 - ::1 Mozilla/5.0+(Windows+NT+10.0;+Win64;+x64)+AppleWebKit/537.36+(KHTML,+like+Gecko)+Chrome/70.0.3538.110+Safari/537.36 - 200 0 0 6378
2018-12-11 13:11:02 ::1 GET /Acc/Login - 44326 - ::1 Mozilla/5.0+(Windows+NT+10.0;+Win64;+x64)+AppleWebKit/537.36+(KHTML,+like+Gecko)+Chrome/70.0.3538.110+Safari/537.36 https://localhost:44326/ 200 0 0 317
2018-12-11 13:11:13 ::1 POST /Acc/IsRegister - 44326 - ::1 Mozilla/5.0+(Windows+NT+10.0;+Win64;+x64)+AppleWebKit/537.36+(KHTML,+like+Gecko)+Chrome/70.0.3538.110+Safari/537.36 https://localhost:44326/Acc/Login 302 0 0 4656
2018-12-11 13:11:13 ::1 GET / - 44326 - ::1 Mozilla/5.0+(Windows+NT+10.0;+Win64;+x64)+AppleWebKit/537.36+(KHTML,+like+Gecko)+Chrome/70.0.3538.110+Safari/537.36 https://localhost:44326/Acc/Login 200 0 0 12
2018-12-11 13:11:43 ::1 GET / - 44326 - ::1 Mozilla/5.0+(Windows+NT+10.0;+Win64;+x64)+AppleWebKit/537.36+(KHTML,+like+Gecko)+Chrome/70.0.3538.110+Safari/537.36 https://localhost:44326/ 200 0 64 2362
2018-12-11 13:11:43 ::1 GET /Movies/Movies - 44326 - ::1 Mozilla/5.0+(Windows+NT+10.0;+Win64;+x64)+AppleWebKit/537.36+(KHTML,+like+Gecko)+Chrome/70.0.3538.110+Safari/537.36 https://localhost:44326/ 200 0 0 39
2018-12-11 13:11:43 ::1 GET / - 44326 - ::1 Mozilla/5.0+(Windows+NT+10.0;+Win64;+x64)+AppleWebKit/537.36+(KHTML,+like+Gecko)+Chrome/70.0.3538.110+Safari/537.36 https://localhost:44326/ 200 0 64 516
2018-12-11 13:11:45 ::1 GET / - 44326 - ::1 Mozilla/5.0+(Windows+NT+10.0;+Win64;+x64)+AppleWebKit/537.36+(KHTML,+like+Gecko)+Chrome/70.0.3538.110+Safari/537.36 https://localhost:44326/Movies/Movies 200 0 0 5
2018-12-11 13:12:46 ::1 GET / - 44326 - ::1 Mozilla/5.0+(Windows+NT+10.0;+Win64;+x64)+AppleWebKit/537.36+(KHTML,+like+Gecko)+Chrome/70.0.3538.110+Safari/537.36 https://localhost:44326/Movies/Movies 200 0 0 571
2018-12-11 13:12:46 ::1 GET /favicon.ico - 44326 - ::1 Mozilla/5.0+(Windows+NT+10.0;+Win64;+x64)+AppleWebKit/537.36+(KHTML,+like+Gecko)+Chrome/70.0.3538.110+Safari/537.36 https://localhost:44326/ 200 0 0 19
2018-12-11 13:18:38 ::1 GET / - 44326 - ::1 Mozilla/5.0+(Windows+NT+10.0;+Win64;+x64)+AppleWebKit/537.36+(KHTML,+like+Gecko)+Chrome/70.0.3538.110+Safari/537.36 https://localhost:44326/Movies/Movies 500 0 0 1009
2018-12-11 13:18:38 ::1 GET /favicon.ico - 44326 - ::1 Mozilla/5.0+(Windows+NT+10.0;+Win64;+x64)+AppleWebKit/537.36+(KHTML,+like+Gecko)+Chrome/70.0.3538.110+Safari/537.36 https://localhost:44326/ 200 0 0 22
#Software: Microsoft Internet Information Services 10.0
#Version: 1.0
#Date: 2018-12-11 13:19:24
#Fields: date time s-ip cs-method cs-uri-stem cs-uri-query s-port cs-username c-ip cs(User-Agent) cs(Referer) sc-status sc-substatus sc-win32-status time-taken
2018-12-11 13:19:24 ::1 GET / - 44326 - ::1 Mozilla/5.0+(Windows+NT+10.0;+Win64;+x64)+AppleWebKit/537.36+(KHTML,+like+Gecko)+Chrome/70.0.3538.110+Safari/537.36 - 200 0 0 8459
2018-12-11 13:20:06 ::1 GET / - 44326 - ::1 Mozilla/5.0+(Windows+NT+10.0;+Win64;+x64)+AppleWebKit/537.36+(KHTML,+like+Gecko)+Chrome/70.0.3538.110+Safari/537.36 https://localhost:44326/ 200 0 0 605
2018-12-11 13:20:11 ::1 GET /Acc/Login - 44326 - ::1 Mozilla/5.0+(Windows+NT+10.0;+Win64;+x64)+AppleWebKit/537.36+(KHTML,+like+Gecko)+Chrome/70.0.3538.110+Safari/537.36 https://localhost:44326/ 200 0 0 257
2018-12-11 13:20:19 ::1 POST /Acc/IsRegister - 44326 - ::1 Mozilla/5.0+(Windows+NT+10.0;+Win64;+x64)+AppleWebKit/537.36+(KHTML,+like+Gecko)+Chrome/70.0.3538.110+Safari/537.36 https://localhost:44326/Acc/Login 302 0 0 684
2018-12-11 13:20:19 ::1 GET / - 44326 - ::1 Mozilla/5.0+(Windows+NT+10.0;+Win64;+x64)+AppleWebKit/537.36+(KHTML,+like+Gecko)+Chrome/70.0.3538.110+Safari/537.36 https://localhost:44326/Acc/Login 200 0 0 8
2018-12-11 13:20:55 ::1 GET /Movies/Movies - 44326 - ::1 Mozilla/5.0+(Windows+NT+10.0;+Win64;+x64)+AppleWebKit/537.36+(KHTML,+like+Gecko)+Chrome/70.0.3538.110+Safari/537.36 https://localhost:44326/ 200 0 0 34
2018-12-11 13:20:57 ::1 GET /Home/About - 44326 - ::1 Mozilla/5.0+(Windows+NT+10.0;+Win64;+x64)+AppleWebKit/537.36+(KHTML,+like+Gecko)+Chrome/70.0.3538.110+Safari/537.36 https://localhost:44326/Movies/Movies 200 0 0 27
2018-12-11 13:20:57 ::1 GET /Home/Contact - 44326 - ::1 Mozilla/5.0+(Windows+NT+10.0;+Win64;+x64)+AppleWebKit/537.36+(KHTML,+like+Gecko)+Chrome/70.0.3538.110+Safari/537.36 https://localhost:44326/Home/About 200 0 0 23
2018-12-11 13:20:58 ::1 GET /Acc/Login - 44326 - ::1 Mozilla/5.0+(Windows+NT+10.0;+Win64;+x64)+AppleWebKit/537.36+(KHTML,+like+Gecko)+Chrome/70.0.3538.110+Safari/537.36 https://localhost:44326/Home/Contact 200 0 0 6
2018-12-11 13:21:00 ::1 GET /Acc/Register - 44326 - ::1 Mozilla/5.0+(Windows+NT+10.0;+Win64;+x64)+AppleWebKit/537.36+(KHTML,+like+Gecko)+Chrome/70.0.3538.110+Safari/537.36 https://localhost:44326/Acc/Login 200 0 64 1117
2018-12-11 13:21:00 ::1 GET / - 44326 - ::1 Mozilla/5.0+(Windows+NT+10.0;+Win64;+x64)+AppleWebKit/537.36+(KHTML,+like+Gecko)+Chrome/70.0.3538.110+Safari/537.36 https://localhost:44326/Acc/Login 200 0 0 1013
2018-12-11 13:21:02 ::1 GET / - 44326 - ::1 Mozilla/5.0+(Windows+NT+10.0;+Win64;+x64)+AppleWebKit/537.36+(KHTML,+like+Gecko)+Chrome/70.0.3538.110+Safari/537.36 https://localhost:44326/ 200 0 0 5
2018-12-11 13:21:02 ::1 GET /Movies/Movies - 44326 - ::1 Mozilla/5.0+(Windows+NT+10.0;+Win64;+x64)+AppleWebKit/537.36+(KHTML,+like+Gecko)+Chrome/70.0.3538.110+Safari/537.36 https://localhost:44326/ 200 0 0 6
2018-12-11 13:21:04 ::1 GET / - 44326 - ::1 Mozilla/5.0+(Windows+NT+10.0;+Win64;+x64)+AppleWebKit/537.36+(KHTML,+like+Gecko)+Chrome/70.0.3538.110+Safari/537.36 https://localhost:44326/Movies/Movies 200 0 0 5
2018-12-11 13:21:06 ::1 GET /Movies/Movies - 44326 - ::1 Mozilla/5.0+(Windows+NT+10.0;+Win64;+x64)+AppleWebKit/537.36+(KHTML,+like+Gecko)+Chrome/70.0.3538.110+Safari/537.36 https://localhost:44326/ 200 0 0 5
2018-12-11 13:21:06 ::1 GET / - 44326 - ::1 Mozilla/5.0+(Windows+NT+10.0;+Win64;+x64)+AppleWebKit/537.36+(KHTML,+like+Gecko)+Chrome/70.0.3538.110+Safari/537.36 https://localhost:44326/Movies/Movies 200 0 0 5
2018-12-11 13:21:07 ::1 GET /Acc/Login - 44326 - ::1 Mozilla/5.0+(Windows+NT+10.0;+Win64;+x64)+AppleWebKit/537.36+(KHTML,+like+Gecko)+Chrome/70.0.3538.110+Safari/537.36 https://localhost:44326/ 200 0 0 6
2018-12-11 13:21:19 ::1 POST /Acc/IsRegister - 44326 - ::1 Mozilla/5.0+(Windows+NT+10.0;+Win64;+x64)+AppleWebKit/537.36+(KHTML,+like+Gecko)+Chrome/70.0.3538.110+Safari/537.36 https://localhost:44326/Acc/Login 302 0 0 13
2018-12-11 13:21:19 ::1 GET / - 44326 - ::1 Mozilla/5.0+(Windows+NT+10.0;+Win64;+x64)+AppleWebKit/537.36+(KHTML,+like+Gecko)+Chrome/70.0.3538.110+Safari/537.36 https://localhost:44326/Acc/Login 200 0 0 6
2018-12-11 13:21:22 ::1 GET / - 44326 - ::1 Mozilla/5.0+(Windows+NT+10.0;+Win64;+x64)+AppleWebKit/537.36+(KHTML,+like+Gecko)+Chrome/70.0.3538.110+Safari/537.36 https://localhost:44326/ 200 0 0 6
2018-12-11 13:21:22 ::1 GET /Movies/Movies - 44326 - ::1 Mozilla/5.0+(Windows+NT+10.0;+Win64;+x64)+AppleWebKit/537.36+(KHTML,+like+Gecko)+Chrome/70.0.3538.110+Safari/537.36 https://localhost:44326/ 200 0 0 5
2018-12-11 13:21:23 ::1 GET /Home/About - 44326 - ::1 Mozilla/5.0+(Windows+NT+10.0;+Win64;+x64)+AppleWebKit/537.36+(KHTML,+like+Gecko)+Chrome/70.0.3538.110+Safari/537.36 https://localhost:44326/Movies/Movies 200 0 0 5
2018-12-11 13:21:23 ::1 GET /Home/Contact - 44326 - ::1 Mozilla/5.0+(Windows+NT+10.0;+Win64;+x64)+AppleWebKit/537.36+(KHTML,+like+Gecko)+Chrome/70.0.3538.110+Safari/537.36 https://localhost:44326/Home/About 200 0 0 6
2018-12-11 13:21:24 ::1 GET / - 44326 - ::1 Mozilla/5.0+(Windows+NT+10.0;+Win64;+x64)+AppleWebKit/537.36+(KHTML,+like+Gecko)+Chrome/70.0.3538.110+Safari/537.36 https://localhost:44326/Home/Contact 200 0 0 4
2018-12-11 13:21:24 ::1 GET /Movies/Movies - 44326 - ::1 Mozilla/5.0+(Windows+NT+10.0;+Win64;+x64)+AppleWebKit/537.36+(KHTML,+like+Gecko)+Chrome/70.0.3538.110+Safari/537.36 https://localhost:44326/ 200 0 0 5
2018-12-11 13:21:25 ::1 GET /Home/Contact - 44326 - ::1 Mozilla/5.0+(Windows+NT+10.0;+Win64;+x64)+AppleWebKit/537.36+(KHTML,+like+Gecko)+Chrome/70.0.3538.110+Safari/537.36 https://localhost:44326/Movies/Movies 200 0 0 4
2018-12-11 13:21:25 ::1 GET /Home/About - 44326 - ::1 Mozilla/5.0+(Windows+NT+10.0;+Win64;+x64)+AppleWebKit/537.36+(KHTML,+like+Gecko)+Chrome/70.0.3538.110+Safari/537.36 https://localhost:44326/Home/Contact 200 0 0 5
#Software: Microsoft Internet Information Services 10.0
#Version: 1.0
#Date: 2018-12-11 13:22:08
#Fields: date time s-ip cs-method cs-uri-stem cs-uri-query s-port cs-username c-ip cs(User-Agent) cs(Referer) sc-status sc-substatus sc-win32-status time-taken
2018-12-11 13:22:08 ::1 GET / - 44326 - ::1 Mozilla/5.0+(Windows+NT+10.0;+Win64;+x64)+AppleWebKit/537.36+(KHTML,+like+Gecko)+Chrome/70.0.3538.110+Safari/537.36 - 200 0 0 8985
2018-12-11 13:22:20 ::1 GET / - 44326 - ::1 Mozilla/5.0+(Windows+NT+10.0;+Win64;+x64)+AppleWebKit/537.36+(KHTML,+like+Gecko)+Chrome/70.0.3538.110+Safari/537.36 https://localhost:44326/ 200 0 0 11
2018-12-11 13:22:23 ::1 GET /Movies/Movies - 44326 - ::1 Mozilla/5.0+(Windows+NT+10.0;+Win64;+x64)+AppleWebKit/537.36+(KHTML,+like+Gecko)+Chrome/70.0.3538.110+Safari/537.36 https://localhost:44326/ 200 0 0 35
2018-12-11 13:22:23 ::1 GET / - 44326 - ::1 Mozilla/5.0+(Windows+NT+10.0;+Win64;+x64)+AppleWebKit/537.36+(KHTML,+like+Gecko)+Chrome/70.0.3538.110+Safari/537.36 https://localhost:44326/Movies/Movies 200 0 0 5
2018-12-11 13:22:34 ::1 GET /Movies/Movies - 44326 - ::1 Mozilla/5.0+(Windows+NT+10.0;+Win64;+x64)+AppleWebKit/537.36+(KHTML,+like+Gecko)+Chrome/70.0.3538.110+Safari/537.36 https://localhost:44326/ 200 0 0 8
#Software: Microsoft Internet Information Services 10.0
#Version: 1.0
#Date: 2018-12-11 13:53:46
#Fields: date time s-ip cs-method cs-uri-stem cs-uri-query s-port cs-username c-ip cs(User-Agent) cs(Referer) sc-status sc-substatus sc-win32-status time-taken
2018-12-11 13:53:46 ::1 GET /Movies/Movies - 44326 - ::1 Mozilla/5.0+(Windows+NT+10.0;+Win64;+x64)+AppleWebKit/537.36+(KHTML,+like+Gecko)+Chrome/70.0.3538.110+Safari/537.36 - 500 0 0 49608
2018-12-11 13:54:28 ::1 GET / - 44326 - ::1 Mozilla/5.0+(Windows+NT+10.0;+Win64;+x64)+AppleWebKit/537.36+(KHTML,+like+Gecko)+Chrome/70.0.3538.110+Safari/537.36 - 200 0 0 3200
2018-12-11 13:54:31 ::1 GET /Movies/Movies - 44326 - ::1 Mozilla/5.0+(Windows+NT+10.0;+Win64;+x64)+AppleWebKit/537.36+(KHTML,+like+Gecko)+Chrome/70.0.3538.110+Safari/537.36 https://localhost:44326/ 500 0 0 19
#Software: Microsoft Internet Information Services 10.0
#Version: 1.0
#Date: 2018-12-11 14:00:41
#Fields: date time s-ip cs-method cs-uri-stem cs-uri-query s-port cs-username c-ip cs(User-Agent) cs(Referer) sc-status sc-substatus sc-win32-status time-taken
2018-12-11 14:00:41 ::1 GET / - 64693 - ::1 Mozilla/5.0+(Windows+NT+10.0;+Win64;+x64)+AppleWebKit/537.36+(KHTML,+like+Gecko)+Chrome/70.0.3538.110+Safari/537.36 - 200 0 0 4729
2018-12-11 14:00:41 ::1 GET / - 44326 - ::1 Mozilla/5.0+(Windows+NT+10.0;+Win64;+x64)+AppleWebKit/537.36+(KHTML,+like+Gecko)+Chrome/70.0.3538.110+Safari/537.36 - 200 0 0 46478
2018-12-11 14:00:50 ::1 GET /Movies/Movies - 44326 - ::1 Mozilla/5.0+(Windows+NT+10.0;+Win64;+x64)+AppleWebKit/537.36+(KHTML,+like+Gecko)+Chrome/70.0.3538.110+Safari/537.36 https://localhost:44326/ 200 0 0 1099
#Software: Microsoft Internet Information Services 10.0
#Version: 1.0
#Date: 2018-12-11 14:07:40
#Fields: date time s-ip cs-method cs-uri-stem cs-uri-query s-port cs-username c-ip cs(User-Agent) cs(Referer) sc-status sc-substatus sc-win32-status time-taken
2018-12-11 14:07:40 ::1 GET /Movies/Movies - 44326 - ::1 Mozilla/5.0+(Windows+NT+10.0;+Win64;+x64)+AppleWebKit/537.36+(KHTML,+like+Gecko)+Chrome/70.0.3538.110+Safari/537.36 - 200 0 0 9397
#Software: Microsoft Internet Information Services 10.0
#Version: 1.0
#Date: 2018-12-11 14:13:32
#Fields: date time s-ip cs-method cs-uri-stem cs-uri-query s-port cs-username c-ip cs(User-Agent) cs(Referer) sc-status sc-substatus sc-win32-status time-taken
2018-12-11 14:13:32 ::1 GET /Movies/Movies - 44326 - ::1 Mozilla/5.0+(Windows+NT+10.0;+Win64;+x64)+AppleWebKit/537.36+(KHTML,+like+Gecko)+Chrome/70.0.3538.110+Safari/537.36 - 200 0 0 46986
2018-12-11 14:13:32 ::1 GET /Controllers/controller.js - 44326 - ::1 Mozilla/5.0+(Windows+NT+10.0;+Win64;+x64)+AppleWebKit/537.36+(KHTML,+like+Gecko)+Chrome/70.0.3538.110+Safari/537.36 https://localhost:44326/Movies/Movies 200 0 0 3
